2026-04-23 00:01:14 - TradingBot - INFO - 🚀 GUI запущен
2026-04-23 00:01:21 - TradingBot - INFO - ⚙️ open_settings_dialog вызван
2026-04-23 00:05:04 - TradingBot - INFO - 🚀 GUI запущен
2026-04-23 00:05:06 - TradingBot - ERROR - Ошибка загрузки рынков: 'wallets'
2026-04-23 00:05:06 - TradingBot - INFO - CCXT BingX client инициализирован (demo=True)
2026-04-23 00:05:06 - TradingBot - ERROR - Ошибка инициализации движка: TradingEngine.__init__() missing 1 required positional argument: 'logger'
Traceback (most recent call last):
  File "C:\Users\AlexENDo\Desktop\crypto_bot_futures\src\ui\main_window.py", line 175, in _init_engine_async
    self.engine = TradingEngine(self.settings)
                  ^^^^^^^^^^^^^^^^^^^^^^^^^^^^
TypeError: TradingEngine.__init__() missing 1 required positional argument: 'logger'

2026-04-23 00:12:43 - TradingBot - INFO - 🚀 GUI запущен
2026-04-23 00:12:45 - TradingBot - WARNING - Предупреждение при загрузке рынков: 'wallets'
2026-04-23 00:12:45 - TradingBot - INFO - CCXT BingX client инициализирован (demo=True)
2026-04-23 00:12:45 - TradingBot - WARNING - Предупреждение при загрузке рынков: 'wallets'
2026-04-23 00:12:45 - TradingBot - INFO - CCXT BingX client инициализирован (demo=True)
2026-04-23 00:16:18 - TradingBot - INFO - 🚀 GUI запущен
2026-04-23 00:16:21 - TradingBot - WARNING - Предупреждение при загрузке рынков: 'wallets'
2026-04-23 00:16:21 - TradingBot - INFO - CCXT BingX client инициализирован (demo=True)
2026-04-23 00:16:21 - TradingBot - WARNING - Предупреждение при загрузке рынков: 'wallets'
2026-04-23 00:16:21 - TradingBot - INFO - CCXT BingX client инициализирован (demo=True)
2026-04-23 00:16:21 - TradingBot - INFO - Клиент BingX инициализирован
2026-04-23 00:16:21 - TradingBot - ERROR - Ошибка получения контрактов: 'AsyncBingXClient' object has no attribute 'exchange'
2026-04-23 00:16:21 - TradingBot - ERROR - CCXT ошибка при get_account_info: 'wallets'
2026-04-23 00:16:21 - TradingBot - INFO - Запуск цикла сканирования...
2026-04-23 00:16:21 - TradingBot - ERROR - Ошибка получения контрактов: 'AsyncBingXClient' object has no attribute 'exchange'
2026-04-23 00:16:21 - TradingBot - ERROR - Не удалось получить контракты
2026-04-23 00:16:21 - TradingBot - INFO - Найдено сигналов: 0
